<?xml version="1.0" encoding="UTF-8"?>
<testsuite xmlns:xsi="http://www.w3.org/2001/XMLSchema-instance" xsi:noNamespaceSchemaLocation="https://maven.apache.org/surefire/maven-surefire-plugin/xsd/surefire-test-report-3.0.xsd" version="3.0" name="com.giret.apigiretcron.LoanSchedulerServiceTest" time="1.863" tests="5" errors="0" skipped="0" failures="0">
  <properties>
[...]
</properties>
  <testcase name="testUpdateOverdueLoans_handlesEmptyListGracefully" classname="com.giret.apigiretcron.LoanSchedulerServiceTest" time="1.785">
    <system-out><![CDATA[13:54:19.232 [main] INFO com.giret.apigiretcron.service.LoanSchedulerService -- Ejecutando tarea programada: Verificando préstamos vencidos. Hoy es 2025-07-13
]]></system-out>
  </testcase>
  <testcase name="testUpdateOverdueLoans_multipleOverdueLoans" classname="com.giret.apigiretcron.LoanSchedulerServiceTest" time="0.015">
    <system-out><![CDATA[13:54:19.297 [main] INFO com.giret.apigiretcron.service.LoanSchedulerService -- Ejecutando tarea programada: Verificando préstamos vencidos. Hoy es 2025-07-13
13:54:19.297 [main] INFO com.giret.apigiretcron.service.LoanSchedulerService -- Préstamo ID 7 actualizado a Atrasado
13:54:19.297 [main] INFO com.giret.apigiretcron.service.LoanSchedulerService -- Préstamo ID 8 actualizado a Atrasado
]]></system-out>
  </testcase>
  <testcase name="testUpdateOverdueLoans_marksOnlyOverdueActiveLoans" classname="com.giret.apigiretcron.LoanSchedulerServiceTest" time="0.0">
    <system-out><![CDATA[13:54:19.315 [main] INFO com.giret.apigiretcron.service.LoanSchedulerService -- Ejecutando tarea programada: Verificando préstamos vencidos. Hoy es 2025-07-13
13:54:19.315 [main] INFO com.giret.apigiretcron.service.LoanSchedulerService -- Préstamo ID 1 actualizado a Atrasado
]]></system-out>
  </testcase>
  <testcase name="testBuilderAndGettersAndSetters" classname="com.giret.apigiretcron.LoanSchedulerServiceTest" time="0.013"/>
  <testcase name="testEqualsAndHashCode" classname="com.giret.apigiretcron.LoanSchedulerServiceTest" time="0.0"/>
</testsuite>